<?xml version="1.0" encoding="UTF-8"?>
<!-- Generated by org.testng.reporters.JUnitXMLReporter -->
<testsuite ignored="0" hostname="LAPTOP-4H9OMSJB" failures="0" tests="7" name="Default test" time="65.378" errors="0" timestamp="2023-04-14T13:20:21 IST">
  <testcase classname="dataProviderExcel_testcases.Login_Testcases" name="invalid" time="1.236"/>
  <testcase classname="dataProviderExcel_testcases.Login_Testcases" name="invalid" time="2.004"/>
  <testcase classname="dataProviderExcel_testcases.Login_Testcases" name="invalid" time="1.046"/>
  <testcase classname="dataProviderExcel_testcases.Login_Testcases" name="invalid" time="2.044"/>
  <testcase classname="dataProviderExcel_testcases.Login_Testcases" name="invalid" time="1.838"/>
  <testcase classname="dataProviderExcel_testcases.Login_Testcases" name="invalid" time="1.237"/>
  <testcase classname="dataProviderExcel_testcases.Login_Testcases" name="valid" time="7.968"/>
</testsuite> <!-- Default test -->
