<?xml version="1.0" encoding="UTF-8"?>
<testng-results ignored="0" total="7" passed="7" failed="0" skipped="0">
  <reporter-output>
  </reporter-output>
  <suite started-at="2023-04-14T13:19:16 IST" name="Default suite" finished-at="2023-04-14T13:20:21 IST" duration-ms="65378">
    <groups>
    </groups>
    <test started-at="2023-04-14T13:19:16 IST" name="Default test" finished-at="2023-04-14T13:20:21 IST" duration-ms="65378">
      <class name="dataProviderExcel_testcases.Login_Testcases">
        <test-method is-config="true" signature="setup()[pri:0, instance:dataProviderExcel_testcases.Login_Testcases@7ed7259e]" started-at="2023-04-14T13:19:16 IST" name="setup" finished-at="2023-04-14T13:19:17 IST" duration-ms="1433" status="PASS">
          <reporter-output>
          </reporter-output>
        </test-method> <!-- setup -->
        <test-method is-config="true" signature="prelogin()[pri:0, instance:dataProviderExcel_testcases.Login_Testcases@7ed7259e]" started-at="2023-04-14T13:19:18 IST" name="prelogin" finished-at="2023-04-14T13:19:25 IST" duration-ms="7621" status="PASS">
          <reporter-output>
          </reporter-output>
        </test-method> <!-- prelogin -->
        <test-method signature="invalid(java.lang.String,java.lang.String)[pri:0, instance:dataProviderExcel_testcases.Login_Testcases@7ed7259e]" started-at="2023-04-14T13:19:25 IST" name="invalid" data-provider="logindata" finished-at="2023-04-14T13:19:27 IST" duration-ms="1236" status="PASS">
          <params>
            <param index="0">
              <value>
                <![CDATA[apple22@gmail.com]]>
              </value>
            </param>
            <param index="1">
              <value>
                <![CDATA[esr]]>
              </value>
            </param>
          </params>
          <reporter-output>
          </reporter-output>
        </test-method> <!-- invalid -->
        <test-method is-config="true" signature="prelogin()[pri:0, instance:dataProviderExcel_testcases.Login_Testcases@7ed7259e]" started-at="2023-04-14T13:19:27 IST" name="prelogin" finished-at="2023-04-14T13:19:33 IST" duration-ms="6277" status="PASS">
          <reporter-output>
          </reporter-output>
        </test-method> <!-- prelogin -->
        <test-method signature="invalid(java.lang.String,java.lang.String)[pri:0, instance:dataProviderExcel_testcases.Login_Testcases@7ed7259e]" started-at="2023-04-14T13:19:33 IST" name="invalid" data-provider="logindata" finished-at="2023-04-14T13:19:35 IST" duration-ms="2004" status="PASS">
          <params>
            <param index="0">
              <value>
                <![CDATA[orange22@gmail.com]]>
              </value>
            </param>
            <param index="1">
              <value>
                <![CDATA[test123]]>
              </value>
            </param>
          </params>
          <reporter-output>
          </reporter-output>
        </test-method> <!-- invalid -->
        <test-method is-config="true" signature="prelogin()[pri:0, instance:dataProviderExcel_testcases.Login_Testcases@7ed7259e]" started-at="2023-04-14T13:19:35 IST" name="prelogin" finished-at="2023-04-14T13:19:41 IST" duration-ms="5855" status="PASS">
          <reporter-output>
          </reporter-output>
        </test-method> <!-- prelogin -->
        <test-method signature="invalid(java.lang.String,java.lang.String)[pri:0, instance:dataProviderExcel_testcases.Login_Testcases@7ed7259e]" started-at="2023-04-14T13:19:41 IST" name="invalid" data-provider="logindata" finished-at="2023-04-14T13:19:42 IST" duration-ms="1046" status="PASS">
          <params>
            <param index="0">
              <value>
                <![CDATA[apple22@gmail.com]]>
              </value>
            </param>
            <param index="1">
              <value>
                <![CDATA[test1234]]>
              </value>
            </param>
          </params>
          <reporter-output>
          </reporter-output>
        </test-method> <!-- invalid -->
        <test-method is-config="true" signature="prelogin()[pri:0, instance:dataProviderExcel_testcases.Login_Testcases@7ed7259e]" started-at="2023-04-14T13:19:42 IST" name="prelogin" finished-at="2023-04-14T13:19:51 IST" duration-ms="8784" status="PASS">
          <reporter-output>
          </reporter-output>
        </test-method> <!-- prelogin -->
        <test-method signature="invalid(java.lang.String,java.lang.String)[pri:0, instance:dataProviderExcel_testcases.Login_Testcases@7ed7259e]" started-at="2023-04-14T13:19:51 IST" name="invalid" data-provider="logindata" finished-at="2023-04-14T13:19:53 IST" duration-ms="2044" status="PASS">
          <params>
            <param index="0">
              <value>
                <![CDATA[apple20@gmail.com]]>
              </value>
            </param>
            <param index="1">
              <value>
                <![CDATA[test12]]>
              </value>
            </param>
          </params>
          <reporter-output>
          </reporter-output>
        </test-method> <!-- invalid -->
        <test-method is-config="true" signature="prelogin()[pri:0, instance:dataProviderExcel_testcases.Login_Testcases@7ed7259e]" started-at="2023-04-14T13:19:53 IST" name="prelogin" finished-at="2023-04-14T13:19:59 IST" duration-ms="6279" status="PASS">
          <reporter-output>
          </reporter-output>
        </test-method> <!-- prelogin -->
        <test-method signature="invalid(java.lang.String,java.lang.String)[pri:0, instance:dataProviderExcel_testcases.Login_Testcases@7ed7259e]" started-at="2023-04-14T13:19:59 IST" name="invalid" data-provider="logindata" finished-at="2023-04-14T13:20:01 IST" duration-ms="1838" status="PASS">
          <params>
            <param index="0">
              <value>
                <![CDATA[abc@gmail.com]]>
              </value>
            </param>
            <param index="1">
              <value>
                <![CDATA[and]]>
              </value>
            </param>
          </params>
          <reporter-output>
          </reporter-output>
        </test-method> <!-- invalid -->
        <test-method is-config="true" signature="prelogin()[pri:0, instance:dataProviderExcel_testcases.Login_Testcases@7ed7259e]" started-at="2023-04-14T13:20:01 IST" name="prelogin" finished-at="2023-04-14T13:20:06 IST" duration-ms="5348" status="PASS">
          <reporter-output>
          </reporter-output>
        </test-method> <!-- prelogin -->
        <test-method signature="invalid(java.lang.String,java.lang.String)[pri:0, instance:dataProviderExcel_testcases.Login_Testcases@7ed7259e]" started-at="2023-04-14T13:20:06 IST" name="invalid" data-provider="logindata" finished-at="2023-04-14T13:20:07 IST" duration-ms="1237" status="PASS">
          <params>
            <param index="0">
              <value>
                <![CDATA[hello@gmail.com]]>
              </value>
            </param>
            <param index="1">
              <value>
                <![CDATA[ght]]>
              </value>
            </param>
          </params>
          <reporter-output>
          </reporter-output>
        </test-method> <!-- invalid -->
        <test-method is-config="true" signature="prelogin()[pri:0, instance:dataProviderExcel_testcases.Login_Testcases@7ed7259e]" started-at="2023-04-14T13:20:07 IST" name="prelogin" finished-at="2023-04-14T13:20:13 IST" duration-ms="5708" status="PASS">
          <reporter-output>
          </reporter-output>
        </test-method> <!-- prelogin -->
        <test-method signature="valid()[pri:0, instance:dataProviderExcel_testcases.Login_Testcases@7ed7259e]" started-at="2023-04-14T13:20:13 IST" name="valid" finished-at="2023-04-14T13:20:21 IST" duration-ms="7968" status="PASS">
          <reporter-output>
          </reporter-output>
        </test-method> <!-- valid -->
        <test-method is-config="true" signature="close()[pri:0, instance:dataProviderExcel_testcases.Login_Testcases@7ed7259e]" started-at="2023-04-14T13:20:21 IST" name="close" finished-at="2023-04-14T13:20:21 IST" duration-ms="151" status="PASS">
          <reporter-output>
          </reporter-output>
        </test-method> <!-- close -->
      </class> <!-- dataProviderExcel_testcases.Login_Testcases -->
    </test> <!-- Default test -->
  </suite> <!-- Default suite -->
</testng-results>
